<?xml version="1.0" encoding="UTF-8"?>
<!-- Generated by org.testng.reporters.JUnitReportReporter -->
<testsuite skipped="0" name="Demo.Demo1" tests="1" failures="0" timestamp="26 Apr 2018 11:44:10 GMT" time="0.015" errors="0">
  <testcase name="createUser" time="0.015" classname="Demo.Demo1"/>
</testsuite> <!-- Demo.Demo1 -->
